-------------------------------------------------------------------------------
Test set: com.hermit.smartwx.SmartwxBootApplicationTests
-------------------------------------------------------------------------------
Tests run: 1, Failures: 0, Errors: 1, Skipped: 0, Time elapsed: 0.388 s <<< FAILURE! - in com.hermit.smartwx.SmartwxBootApplicationTests
initializationError(com.hermit.smartwx.SmartwxBootApplicationTests)  Time elapsed: 0.002 s  <<< ERROR!
java.lang.IllegalStateException: Unable to find a @SpringBootConfiguration, you need to use @ContextConfiguration or @SpringBootTest(classes=...) with your test

