<?xml version="1.0" encoding="UTF-8"?>
<testsuite xmlns:xsi="http://www.w3.org/2001/XMLSchema-instance" xsi:noNamespaceSchemaLocation="https://maven.apache.org/surefire/maven-surefire-plugin/xsd/surefire-test-report.xsd" name="com.hermit.smartwx.SmartwxBootApplicationTests" time="0.388" tests="1" errors="1" skipped="0" failures="0">
  <properties>
[...]
</properties>
  <testcase name="initializationError" classname="com.hermit.smartwx.SmartwxBootApplicationTests" time="0.002">
    <error message="Unable to find a @SpringBootConfiguration, you need to use @ContextConfiguration or @SpringBootTest(classes=...) with your test" type="java.lang.IllegalStateException">java.lang.IllegalStateException: Unable to find a @SpringBootConfiguration, you need to use @ContextConfiguration or @SpringBootTest(classes=...) with your test
</error>
    <system-out><![CDATA[15:26:18.234 [main] DEBUG org.springframework.test.context.junit4.SpringJUnit4ClassRunner - SpringJUnit4ClassRunner constructor called with [class com.hermit.smartwx.SmartwxBootApplicationTests]
15:26:18.240 [main] DEBUG org.springframework.test.context.BootstrapUtils - Instantiating CacheAwareContextLoaderDelegate from class [org.springframework.test.context.cache.DefaultCacheAwareContextLoaderDelegate]
15:26:18.247 [main] DEBUG org.springframework.test.context.BootstrapUtils - Instantiating BootstrapContext using constructor [public org.springframework.test.context.support.DefaultBootstrapContext(java.lang.Class,org.springframework.test.context.CacheAwareContextLoaderDelegate)]
15:26:18.264 [main] DEBUG org.springframework.test.context.BootstrapUtils - Instantiating TestContextBootstrapper for test class [com.hermit.smartwx.SmartwxBootApplicationTests] from class [org.springframework.boot.test.context.SpringBootTestContextBootstrapper]
15:26:18.276 [main] INFO org.springframework.boot.test.context.SpringBootTestContextBootstrapper - Neither @ContextConfiguration nor @ContextHierarchy found for test class [com.hermit.smartwx.SmartwxBootApplicationTests], using SpringBootContextLoader
15:26:18.279 [main] DEBUG org.springframework.test.context.support.AbstractContextLoader - Did not detect default resource location for test class [com.hermit.smartwx.SmartwxBootApplicationTests]: class path resource [com/hermit/smartwx/SmartwxBootApplicationTests-context.xml] does not exist
15:26:18.279 [main] DEBUG org.springframework.test.context.support.AbstractContextLoader - Did not detect default resource location for test class [com.hermit.smartwx.SmartwxBootApplicationTests]: class path resource [com/hermit/smartwx/SmartwxBootApplicationTestsContext.groovy] does not exist
15:26:18.279 [main] INFO org.springframework.test.context.support.AbstractContextLoader - Could not detect default resource locations for test class [com.hermit.smartwx.SmartwxBootApplicationTests]: no resource found for suffixes {-context.xml, Context.groovy}.
15:26:18.280 [main] INFO org.springframework.test.context.support.AnnotationConfigContextLoaderUtils - Could not detect default configuration classes for test class [com.hermit.smartwx.SmartwxBootApplicationTests]: SmartwxBootApplicationTests does not declare any static, non-private, non-final, nested classes annotated with @Configuration.
15:26:18.309 [main] DEBUG org.springframework.test.context.support.ActiveProfilesUtils - Could not find an 'annotation declaring class' for annotation type [org.springframework.test.context.ActiveProfiles] and class [com.hermit.smartwx.SmartwxBootApplicationTests]
15:26:18.315 [main] DEBUG org.springframework.core.env.StandardEnvironment - Adding PropertySource 'systemProperties' with lowest search precedence
15:26:18.316 [main] DEBUG org.springframework.core.env.StandardEnvironment - Adding PropertySource 'systemEnvironment' with lowest search precedence
15:26:18.321 [main] DEBUG org.springframework.core.env.StandardEnvironment - Initialized StandardEnvironment with PropertySources [MapPropertySource@192881625 {name='systemProperties', properties={java.runtime.name=Java(TM) SE Runtime Environment, sun.boot.library.path=D:\Java\jdk1.8.0_131\jre\bin, java.vm.version=25.131-b11, java.vm.vendor=Oracle Corporation, java.vendor.url=http://java.oracle.com/, path.separator=;, java.vm.name=Java HotSpot(TM) 64-Bit Server VM, file.encoding.pkg=sun.io, user.country=CN, user.script=, sun.java.launcher=SUN_STANDARD, sun.os.patch.level=, java.vm.specification.name=Java Virtual Machine Specification, user.dir=D:\myproject\smartwx-boot, java.runtime.version=1.8.0_131-b11, basedir=D:\myproject\smartwx-boot, java.awt.graphicsenv=sun.awt.Win32GraphicsEnvironment, java.endorsed.dirs=D:\Java\jdk1.8.0_131\jre\lib\endorsed, os.arch=amd64, surefire.real.class.path=C:\Users\tws\AppData\Local\Temp\surefire7049687846895927173\surefirebooter8697694871914528928.jar, java.io.tmpdir=C:\Users\tws\AppData\Local\Temp\, line.separator=
, java.vm.specification.vendor=Oracle Corporation, user.variant=, os.name=Windows 10, sun.jnu.encoding=GBK, java.library.path=D:\Java\jdk1.8.0_131\jre\bin;C:\Windows\Sun\Java\bin;C:\Windows\system32;C:\Windows;C:\Windows\system32;C:\Windows;C:\Windows\System32\Wbem;C:\Windows\System32\WindowsPowerShell\v1.0\;D:\TortoiseSVN\bin;D:\Git\cmd;D:\Java\jdk1.8.0_131\jre\bin;., surefire.test.class.path=D:\myproject\smartwx-boot\target\test-classes;D:\myproject\smartwx-boot\target\classes;D:\dev\localmaven\org\springframework\boot\spring-boot-starter-jdbc\2.0.3.RELEASE\spring-boot-starter-jdbc-2.0.3.RELEASE.jar;D:\dev\localmaven\org\springframework\boot\spring-boot-starter\2.0.3.RELEASE\spring-boot-starter-2.0.3.RELEASE.jar;D:\dev\localmaven\org\springframework\boot\spring-boot\2.0.3.RELEASE\spring-boot-2.0.3.RELEASE.jar;D:\dev\localmaven\org\springframework\boot\spring-boot-autoconfigure\2.0.3.RELEASE\spring-boot-autoconfigure-2.0.3.RELEASE.jar;D:\dev\localmaven\org\springframework\boot\spring-boot-starter-logging\2.0.3.RELEASE\spring-boot-starter-logging-2.0.3.RELEASE.jar;D:\dev\localmaven\ch\qos\logback\logback-classic\1.2.3\logback-classic-1.2.3.jar;D:\dev\localmaven\ch\qos\logback\logback-core\1.2.3\logback-core-1.2.3.jar;D:\dev\localmaven\org\apache\logging\log4j\log4j-to-slf4j\2.10.0\log4j-to-slf4j-2.10.0.jar;D:\dev\localmaven\org\apache\logging\log4j\log4j-api\2.10.0\log4j-api-2.10.0.jar;D:\dev\localmaven\org\slf4j\jul-to-slf4j\1.7.25\jul-to-slf4j-1.7.25.jar;D:\dev\localmaven\javax\annotation\javax.annotation-api\1.3.2\javax.annotation-api-1.3.2.jar;D:\dev\localmaven\org\yaml\snakeyaml\1.19\snakeyaml-1.19.jar;D:\dev\localmaven\com\zaxxer\HikariCP\2.7.9\HikariCP-2.7.9.jar;D:\dev\localmaven\org\springframework\spring-jdbc\5.0.7.RELEASE\spring-jdbc-5.0.7.RELEASE.jar;D:\dev\localmaven\org\springframework\spring-beans\5.0.7.RELEASE\spring-beans-5.0.7.RELEASE.jar;D:\dev\localmaven\org\springframework\spring-tx\5.0.7.RELEASE\spring-tx-5.0.7.RELEASE.jar;D:\dev\localmaven\org\springframework\boot\spring-boot-starter-web\2.0.3.RELEASE\spring-boot-starter-web-2.0.3.RELEASE.jar;D:\dev\localmaven\org\springframework\boot\spring-boot-starter-json\2.0.3.RELEASE\spring-boot-starter-json-2.0.3.RELEASE.jar;D:\dev\localmaven\com\fasterxml\jackson\core\jackson-databind\2.9.6\jackson-databind-2.9.6.jar;D:\dev\localmaven\com\fasterxml\jackson\core\jackson-core\2.9.6\jackson-core-2.9.6.jar;D:\dev\localmaven\com\fasterxml\jackson\datatype\jackson-datatype-jdk8\2.9.6\jackson-datatype-jdk8-2.9.6.jar;D:\dev\localmaven\com\fasterxml\jackson\datatype\jackson-datatype-jsr310\2.9.6\jackson-datatype-jsr310-2.9.6.jar;D:\dev\localmaven\com\fasterxml\jackson\module\jackson-module-parameter-names\2.9.6\jackson-module-parameter-names-2.9.6.jar;D:\dev\localmaven\org\springframework\boot\spring-boot-starter-tomcat\2.0.3.RELEASE\spring-boot-starter-tomcat-2.0.3.RELEASE.jar;D:\dev\localmaven\org\apache\tomcat\embed\tomcat-embed-core\8.5.31\tomcat-embed-core-8.5.31.jar;D:\dev\localmaven\org\apache\tomcat\embed\tomcat-embed-el\8.5.31\tomcat-embed-el-8.5.31.jar;D:\dev\localmaven\org\apache\tomcat\embed\tomcat-embed-websocket\8.5.31\tomcat-embed-websocket-8.5.31.jar;D:\dev\localmaven\org\hibernate\validator\hibernate-validator\6.0.10.Final\hibernate-validator-6.0.10.Final.jar;D:\dev\localmaven\javax\validation\validation-api\2.0.1.Final\validation-api-2.0.1.Final.jar;D:\dev\localmaven\org\jboss\logging\jboss-logging\3.3.2.Final\jboss-logging-3.3.2.Final.jar;D:\dev\localmaven\org\springframework\spring-web\5.0.7.RELEASE\spring-web-5.0.7.RELEASE.jar;D:\dev\localmaven\org\springframework\spring-webmvc\5.0.7.RELEASE\spring-webmvc-5.0.7.RELEASE.jar;D:\dev\localmaven\org\springframework\spring-aop\5.0.7.RELEASE\spring-aop-5.0.7.RELEASE.jar;D:\dev\localmaven\org\springframework\spring-context\5.0.7.RELEASE\spring-context-5.0.7.RELEASE.jar;D:\dev\localmaven\org\springframework\spring-expression\5.0.7.RELEASE\spring-expression-5.0.7.RELEASE.jar;D:\dev\localmaven\org\mybatis\spring\boot\mybatis-spring-boot-starter\1.3.2\mybatis-spring-boot-starter-1.3.2.jar;D:\dev\localmaven\org\mybatis\spring\boot\mybatis-spring-boot-autoconfigure\1.3.2\mybatis-spring-boot-autoconfigure-1.3.2.jar;D:\dev\localmaven\org\mybatis\mybatis\3.4.6\mybatis-3.4.6.jar;D:\dev\localmaven\org\mybatis\mybatis-spring\1.3.2\mybatis-spring-1.3.2.jar;D:\dev\localmaven\org\springframework\boot\spring-boot-starter-test\2.0.3.RELEASE\spring-boot-starter-test-2.0.3.RELEASE.jar;D:\dev\localmaven\org\springframework\boot\spring-boot-test\2.0.3.RELEASE\spring-boot-test-2.0.3.RELEASE.jar;D:\dev\localmaven\org\springframework\boot\spring-boot-test-autoconfigure\2.0.3.RELEASE\spring-boot-test-autoconfigure-2.0.3.RELEASE.jar;D:\dev\localmaven\com\jayway\jsonpath\json-path\2.4.0\json-path-2.4.0.jar;D:\dev\localmaven\net\minidev\json-smart\2.3\json-smart-2.3.jar;D:\dev\localmaven\net\minidev\accessors-smart\1.2\accessors-smart-1.2.jar;D:\dev\localmaven\org\ow2\asm\asm\5.0.4\asm-5.0.4.jar;D:\dev\localmaven\junit\junit\4.12\junit-4.12.jar;D:\dev\localmaven\org\assertj\assertj-core\3.9.1\assertj-core-3.9.1.jar;D:\dev\localmaven\org\mockito\mockito-core\2.15.0\mockito-core-2.15.0.jar;D:\dev\localmaven\net\bytebuddy\byte-buddy\1.7.11\byte-buddy-1.7.11.jar;D:\dev\localmaven\net\bytebuddy\byte-buddy-agent\1.7.11\byte-buddy-agent-1.7.11.jar;D:\dev\localmaven\org\objenesis\objenesis\2.6\objenesis-2.6.jar;D:\dev\localmaven\org\hamcrest\hamcrest-core\1.3\hamcrest-core-1.3.jar;D:\dev\localmaven\org\hamcrest\hamcrest-library\1.3\hamcrest-library-1.3.jar;D:\dev\localmaven\org\skyscreamer\jsonassert\1.5.0\jsonassert-1.5.0.jar;D:\dev\localmaven\com\vaadin\external\google\android-json\0.0.20131108.vaadin1\android-json-0.0.20131108.vaadin1.jar;D:\dev\localmaven\org\springframework\spring-core\5.0.7.RELEASE\spring-core-5.0.7.RELEASE.jar;D:\dev\localmaven\org\springframework\spring-jcl\5.0.7.RELEASE\spring-jcl-5.0.7.RELEASE.jar;D:\dev\localmaven\org\springframework\spring-test\5.0.7.RELEASE\spring-test-5.0.7.RELEASE.jar;D:\dev\localmaven\org\xmlunit\xmlunit-core\2.5.1\xmlunit-core-2.5.1.jar;D:\dev\localmaven\mysql\mysql-connector-java\5.1.46\mysql-connector-java-5.1.46.jar;D:\dev\localmaven\com\alibaba\druid\1.0.28\druid-1.0.28.jar;D:\Java\jdk1.8.0_131\jre\..\lib\jconsole.jar;D:\Java\jdk1.8.0_131\jre\..\lib\tools.jar;D:\dev\localmaven\commons-codec\commons-codec\1.9\commons-codec-1.9.jar;D:\dev\localmaven\commons-fileupload\commons-fileupload\1.3.1\commons-fileupload-1.3.1.jar;D:\dev\localmaven\commons-io\commons-io\2.2\commons-io-2.2.jar;D:\dev\localmaven\commons-beanutils\commons-beanutils\1.9.3\commons-beanutils-1.9.3.jar;D:\dev\localmaven\commons-collections\commons-collections\3.2.2\commons-collections-3.2.2.jar;D:\dev\localmaven\com\alibaba\fastjson\1.2.47\fastjson-1.2.47.jar;D:\dev\localmaven\com\thoughtworks\xstream\xstream\1.4.9\xstream-1.4.9.jar;D:\dev\localmaven\xmlpull\xmlpull\1.1.3.1\xmlpull-1.1.3.1.jar;D:\dev\localmaven\xpp3\xpp3_min\1.1.4c\xpp3_min-1.1.4c.jar;D:\dev\localmaven\com\google\zxing\core\2.2\core-2.2.jar;D:\dev\localmaven\com\google\zxing\javase\2.2\javase-2.2.jar;D:\dev\localmaven\org\apache\httpcomponents\httpcore\4.4.9\httpcore-4.4.9.jar;D:\dev\localmaven\org\apache\httpcomponents\httpclient\4.5.5\httpclient-4.5.5.jar;D:\dev\localmaven\org\apache\httpcomponents\httpmime\4.5.5\httpmime-4.5.5.jar;D:\dev\localmaven\javax\servlet\javax.servlet-api\3.1.0\javax.servlet-api-3.1.0.jar;D:\dev\localmaven\javax\persistence\persistence-api\1.0.2\persistence-api-1.0.2.jar;D:\dev\localmaven\com\google\guava\guava\20.0\guava-20.0.jar;D:\dev\localmaven\org\apache\commons\commons-lang3\3.7\commons-lang3-3.7.jar;D:\dev\localmaven\commons-configuration\commons-configuration\1.7\commons-configuration-1.7.jar;D:\dev\localmaven\commons-lang\commons-lang\2.6\commons-lang-2.6.jar;D:\dev\localmaven\commons-logging\commons-logging\1.1.1\commons-logging-1.1.1.jar;D:\dev\localmaven\commons-digester\commons-digester\1.8.1\commons-digester-1.8.1.jar;D:\dev\localmaven\org\jdom\jdom\1.1.3\jdom-1.1.3.jar;D:\dev\localmaven\dom4j\dom4j\1.6.1\dom4j-1.6.1.jar;D:\dev\localmaven\xml-apis\xml-apis\1.4.01\xml-apis-1.4.01.jar;D:\dev\localmaven\org\projectlombok\lombok\1.16.22\lombok-1.16.22.jar;D:\dev\localmaven\org\ehcache\ehcache\3.5.2\ehcache-3.5.2.jar;D:\dev\localmaven\org\slf4j\slf4j-api\1.7.25\slf4j-api-1.7.25.jar;D:\dev\localmaven\org\jsoup\jsoup\1.11.2\jsoup-1.11.2.jar;D:\dev\localmaven\io\springfox\springfox-swagger2\2.9.2\springfox-swagger2-2.9.2.jar;D:\dev\localmaven\io\swagger\swagger-annotations\1.5.20\swagger-annotations-1.5.20.jar;D:\dev\localmaven\io\swagger\swagger-models\1.5.20\swagger-models-1.5.20.jar;D:\dev\localmaven\com\fasterxml\jackson\core\jackson-annotations\2.9.0\jackson-annotations-2.9.0.jar;D:\dev\localmaven\io\springfox\springfox-spi\2.9.2\springfox-spi-2.9.2.jar;D:\dev\localmaven\io\springfox\springfox-core\2.9.2\springfox-core-2.9.2.jar;D:\dev\localmaven\io\springfox\springfox-schema\2.9.2\springfox-schema-2.9.2.jar;D:\dev\localmaven\io\springfox\springfox-swagger-common\2.9.2\springfox-swagger-common-2.9.2.jar;D:\dev\localmaven\io\springfox\springfox-spring-web\2.9.2\springfox-spring-web-2.9.2.jar;D:\dev\localmaven\com\fasterxml\classmate\1.3.4\classmate-1.3.4.jar;D:\dev\localmaven\org\springframework\plugin\spring-plugin-core\1.2.0.RELEASE\spring-plugin-core-1.2.0.RELEASE.jar;D:\dev\localmaven\org\springframework\plugin\spring-plugin-metadata\1.2.0.RELEASE\spring-plugin-metadata-1.2.0.RELEASE.jar;D:\dev\localmaven\org\mapstruct\mapstruct\1.2.0.Final\mapstruct-1.2.0.Final.jar;D:\dev\localmaven\com\github\xiaoymin\swagger-bootstrap-ui\1.9.1\swagger-bootstrap-ui-1.9.1.jar;D:\dev\localmaven\org\apache\commons\commons-text\1.1\commons-text-1.1.jar;, java.specification.name=Java Platform API Specification, java.class.version=52.0, sun.management.compiler=HotSpot 64-Bit Tiered Compilers, maven.repo.local=D:\dev\localmaven, os.version=10.0, user.home=C:\Users\tws, user.timezone=Asia/Shanghai, java.awt.printerjob=sun.awt.windows.WPrinterJob, file.encoding=GBK, java.specification.version=1.8, java.class.path=D:\myproject\smartwx-boot\target\test-classes;D:\myproject\smartwx-boot\target\classes;D:\dev\localmaven\org\springframework\boot\spring-boot-starter-jdbc\2.0.3.RELEASE\spring-boot-starter-jdbc-2.0.3.RELEASE.jar;D:\dev\localmaven\org\springframework\boot\spring-boot-starter\2.0.3.RELEASE\spring-boot-starter-2.0.3.RELEASE.jar;D:\dev\localmaven\org\springframework\boot\spring-boot\2.0.3.RELEASE\spring-boot-2.0.3.RELEASE.jar;D:\dev\localmaven\org\springframework\boot\spring-boot-autoconfigure\2.0.3.RELEASE\spring-boot-autoconfigure-2.0.3.RELEASE.jar;D:\dev\localmaven\org\springframework\boot\spring-boot-starter-logging\2.0.3.RELEASE\spring-boot-starter-logging-2.0.3.RELEASE.jar;D:\dev\localmaven\ch\qos\logback\logback-classic\1.2.3\logback-classic-1.2.3.jar;D:\dev\localmaven\ch\qos\logback\logback-core\1.2.3\logback-core-1.2.3.jar;D:\dev\localmaven\org\apache\logging\log4j\log4j-to-slf4j\2.10.0\log4j-to-slf4j-2.10.0.jar;D:\dev\localmaven\org\apache\logging\log4j\log4j-api\2.10.0\log4j-api-2.10.0.jar;D:\dev\localmaven\org\slf4j\jul-to-slf4j\1.7.25\jul-to-slf4j-1.7.25.jar;D:\dev\localmaven\javax\annotation\javax.annotation-api\1.3.2\javax.annotation-api-1.3.2.jar;D:\dev\localmaven\org\yaml\snakeyaml\1.19\snakeyaml-1.19.jar;D:\dev\localmaven\com\zaxxer\HikariCP\2.7.9\HikariCP-2.7.9.jar;D:\dev\localmaven\org\springframework\spring-jdbc\5.0.7.RELEASE\spring-jdbc-5.0.7.RELEASE.jar;D:\dev\localmaven\org\springframework\spring-beans\5.0.7.RELEASE\spring-beans-5.0.7.RELEASE.jar;D:\dev\localmaven\org\springframework\spring-tx\5.0.7.RELEASE\spring-tx-5.0.7.RELEASE.jar;D:\dev\localmaven\org\springframework\boot\spring-boot-starter-web\2.0.3.RELEASE\spring-boot-starter-web-2.0.3.RELEASE.jar;D:\dev\localmaven\org\springframework\boot\spring-boot-starter-json\2.0.3.RELEASE\spring-boot-starter-json-2.0.3.RELEASE.jar;D:\dev\localmaven\com\fasterxml\jackson\core\jackson-databind\2.9.6\jackson-databind-2.9.6.jar;D:\dev\localmaven\com\fasterxml\jackson\core\jackson-core\2.9.6\jackson-core-2.9.6.jar;D:\dev\localmaven\com\fasterxml\jackson\datatype\jackson-datatype-jdk8\2.9.6\jackson-datatype-jdk8-2.9.6.jar;D:\dev\localmaven\com\fasterxml\jackson\datatype\jackson-datatype-jsr310\2.9.6\jackson-datatype-jsr310-2.9.6.jar;D:\dev\localmaven\com\fasterxml\jackson\module\jackson-module-parameter-names\2.9.6\jackson-module-parameter-names-2.9.6.jar;D:\dev\localmaven\org\springframework\boot\spring-boot-starter-tomcat\2.0.3.RELEASE\spring-boot-starter-tomcat-2.0.3.RELEASE.jar;D:\dev\localmaven\org\apache\tomcat\embed\tomcat-embed-core\8.5.31\tomcat-embed-core-8.5.31.jar;D:\dev\localmaven\org\apache\tomcat\embed\tomcat-embed-el\8.5.31\tomcat-embed-el-8.5.31.jar;D:\dev\localmaven\org\apache\tomcat\embed\tomcat-embed-websocket\8.5.31\tomcat-embed-websocket-8.5.31.jar;D:\dev\localmaven\org\hibernate\validator\hibernate-validator\6.0.10.Final\hibernate-validator-6.0.10.Final.jar;D:\dev\localmaven\javax\validation\validation-api\2.0.1.Final\validation-api-2.0.1.Final.jar;D:\dev\localmaven\org\jboss\logging\jboss-logging\3.3.2.Final\jboss-logging-3.3.2.Final.jar;D:\dev\localmaven\org\springframework\spring-web\5.0.7.RELEASE\spring-web-5.0.7.RELEASE.jar;D:\dev\localmaven\org\springframework\spring-webmvc\5.0.7.RELEASE\spring-webmvc-5.0.7.RELEASE.jar;D:\dev\localmaven\org\springframework\spring-aop\5.0.7.RELEASE\spring-aop-5.0.7.RELEASE.jar;D:\dev\localmaven\org\springframework\spring-context\5.0.7.RELEASE\spring-context-5.0.7.RELEASE.jar;D:\dev\localmaven\org\springframework\spring-expression\5.0.7.RELEASE\spring-expression-5.0.7.RELEASE.jar;D:\dev\localmaven\org\mybatis\spring\boot\mybatis-spring-boot-starter\1.3.2\mybatis-spring-boot-starter-1.3.2.jar;D:\dev\localmaven\org\mybatis\spring\boot\mybatis-spring-boot-autoconfigure\1.3.2\mybatis-spring-boot-autoconfigure-1.3.2.jar;D:\dev\localmaven\org\mybatis\mybatis\3.4.6\mybatis-3.4.6.jar;D:\dev\localmaven\org\mybatis\mybatis-spring\1.3.2\mybatis-spring-1.3.2.jar;D:\dev\localmaven\org\springframework\boot\spring-boot-starter-test\2.0.3.RELEASE\spring-boot-starter-test-2.0.3.RELEASE.jar;D:\dev\localmaven\org\springframework\boot\spring-boot-test\2.0.3.RELEASE\spring-boot-test-2.0.3.RELEASE.jar;D:\dev\localmaven\org\springframework\boot\spring-boot-test-autoconfigure\2.0.3.RELEASE\spring-boot-test-autoconfigure-2.0.3.RELEASE.jar;D:\dev\localmaven\com\jayway\jsonpath\json-path\2.4.0\json-path-2.4.0.jar;D:\dev\localmaven\net\minidev\json-smart\2.3\json-smart-2.3.jar;D:\dev\localmaven\net\minidev\accessors-smart\1.2\accessors-smart-1.2.jar;D:\dev\localmaven\org\ow2\asm\asm\5.0.4\asm-5.0.4.jar;D:\dev\localmaven\junit\junit\4.12\junit-4.12.jar;D:\dev\localmaven\org\assertj\assertj-core\3.9.1\assertj-core-3.9.1.jar;D:\dev\localmaven\org\mockito\mockito-core\2.15.0\mockito-core-2.15.0.jar;D:\dev\localmaven\net\bytebuddy\byte-buddy\1.7.11\byte-buddy-1.7.11.jar;D:\dev\localmaven\net\bytebuddy\byte-buddy-agent\1.7.11\byte-buddy-agent-1.7.11.jar;D:\dev\localmaven\org\objenesis\objenesis\2.6\objenesis-2.6.jar;D:\dev\localmaven\org\hamcrest\hamcrest-core\1.3\hamcrest-core-1.3.jar;D:\dev\localmaven\org\hamcrest\hamcrest-library\1.3\hamcrest-library-1.3.jar;D:\dev\localmaven\org\skyscreamer\jsonassert\1.5.0\jsonassert-1.5.0.jar;D:\dev\localmaven\com\vaadin\external\google\android-json\0.0.20131108.vaadin1\android-json-0.0.20131108.vaadin1.jar;D:\dev\localmaven\org\springframework\spring-core\5.0.7.RELEASE\spring-core-5.0.7.RELEASE.jar;D:\dev\localmaven\org\springframework\spring-jcl\5.0.7.RELEASE\spring-jcl-5.0.7.RELEASE.jar;D:\dev\localmaven\org\springframework\spring-test\5.0.7.RELEASE\spring-test-5.0.7.RELEASE.jar;D:\dev\localmaven\org\xmlunit\xmlunit-core\2.5.1\xmlunit-core-2.5.1.jar;D:\dev\localmaven\mysql\mysql-connector-java\5.1.46\mysql-connector-java-5.1.46.jar;D:\dev\localmaven\com\alibaba\druid\1.0.28\druid-1.0.28.jar;D:\Java\jdk1.8.0_131\jre\..\lib\jconsole.jar;D:\Java\jdk1.8.0_131\jre\..\lib\tools.jar;D:\dev\localmaven\commons-codec\commons-codec\1.9\commons-codec-1.9.jar;D:\dev\localmaven\commons-fileupload\commons-fileupload\1.3.1\commons-fileupload-1.3.1.jar;D:\dev\localmaven\commons-io\commons-io\2.2\commons-io-2.2.jar;D:\dev\localmaven\commons-beanutils\commons-beanutils\1.9.3\commons-beanutils-1.9.3.jar;D:\dev\localmaven\commons-collections\commons-collections\3.2.2\commons-collections-3.2.2.jar;D:\dev\localmaven\com\alibaba\fastjson\1.2.47\fastjson-1.2.47.jar;D:\dev\localmaven\com\thoughtworks\xstream\xstream\1.4.9\xstream-1.4.9.jar;D:\dev\localmaven\xmlpull\xmlpull\1.1.3.1\xmlpull-1.1.3.1.jar;D:\dev\localmaven\xpp3\xpp3_min\1.1.4c\xpp3_min-1.1.4c.jar;D:\dev\localmaven\com\google\zxing\core\2.2\core-2.2.jar;D:\dev\localmaven\com\google\zxing\javase\2.2\javase-2.2.jar;D:\dev\localmaven\org\apache\httpcomponents\httpcore\4.4.9\httpcore-4.4.9.jar;D:\dev\localmaven\org\apache\httpcomponents\httpclient\4.5.5\httpclient-4.5.5.jar;D:\dev\localmaven\org\apache\httpcomponents\httpmime\4.5.5\httpmime-4.5.5.jar;D:\dev\localmaven\javax\servlet\javax.servlet-api\3.1.0\javax.servlet-api-3.1.0.jar;D:\dev\localmaven\javax\persistence\persistence-api\1.0.2\persistence-api-1.0.2.jar;D:\dev\localmaven\com\google\guava\guava\20.0\guava-20.0.jar;D:\dev\localmaven\org\apache\commons\commons-lang3\3.7\commons-lang3-3.7.jar;D:\dev\localmaven\commons-configuration\commons-configuration\1.7\commons-configuration-1.7.jar;D:\dev\localmaven\commons-lang\commons-lang\2.6\commons-lang-2.6.jar;D:\dev\localmaven\commons-logging\commons-logging\1.1.1\commons-logging-1.1.1.jar;D:\dev\localmaven\commons-digester\commons-digester\1.8.1\commons-digester-1.8.1.jar;D:\dev\localmaven\org\jdom\jdom\1.1.3\jdom-1.1.3.jar;D:\dev\localmaven\dom4j\dom4j\1.6.1\dom4j-1.6.1.jar;D:\dev\localmaven\xml-apis\xml-apis\1.4.01\xml-apis-1.4.01.jar;D:\dev\localmaven\org\projectlombok\lombok\1.16.22\lombok-1.16.22.jar;D:\dev\localmaven\org\ehcache\ehcache\3.5.2\ehcache-3.5.2.jar;D:\dev\localmaven\org\slf4j\slf4j-api\1.7.25\slf4j-api-1.7.25.jar;D:\dev\localmaven\org\jsoup\jsoup\1.11.2\jsoup-1.11.2.jar;D:\dev\localmaven\io\springfox\springfox-swagger2\2.9.2\springfox-swagger2-2.9.2.jar;D:\dev\localmaven\io\swagger\swagger-annotations\1.5.20\swagger-annotations-1.5.20.jar;D:\dev\localmaven\io\swagger\swagger-models\1.5.20\swagger-models-1.5.20.jar;D:\dev\localmaven\com\fasterxml\jackson\core\jackson-annotations\2.9.0\jackson-annotations-2.9.0.jar;D:\dev\localmaven\io\springfox\springfox-spi\2.9.2\springfox-spi-2.9.2.jar;D:\dev\localmaven\io\springfox\springfox-core\2.9.2\springfox-core-2.9.2.jar;D:\dev\localmaven\io\springfox\springfox-schema\2.9.2\springfox-schema-2.9.2.jar;D:\dev\localmaven\io\springfox\springfox-swagger-common\2.9.2\springfox-swagger-common-2.9.2.jar;D:\dev\localmaven\io\springfox\springfox-spring-web\2.9.2\springfox-spring-web-2.9.2.jar;D:\dev\localmaven\com\fasterxml\classmate\1.3.4\classmate-1.3.4.jar;D:\dev\localmaven\org\springframework\plugin\spring-plugin-core\1.2.0.RELEASE\spring-plugin-core-1.2.0.RELEASE.jar;D:\dev\localmaven\org\springframework\plugin\spring-plugin-metadata\1.2.0.RELEASE\spring-plugin-metadata-1.2.0.RELEASE.jar;D:\dev\localmaven\org\mapstruct\mapstruct\1.2.0.Final\mapstruct-1.2.0.Final.jar;D:\dev\localmaven\com\github\xiaoymin\swagger-bootstrap-ui\1.9.1\swagger-bootstrap-ui-1.9.1.jar;D:\dev\localmaven\org\apache\commons\commons-text\1.1\commons-text-1.1.jar;, user.name=tws, java.vm.specification.version=1.8, sun.java.command=C:\Users\tws\AppData\Local\Temp\surefire7049687846895927173\surefirebooter8697694871914528928.jar C:\Users\tws\AppData\Local\Temp\surefire7049687846895927173 2019-05-17T15-26-16_576-jvmRun1 surefire882954821600180837tmp surefire_07644077111730477347tmp, java.home=D:\Java\jdk1.8.0_131\jre, sun.arch.data.model=64, user.language=zh, java.specification.vendor=Oracle Corporation, awt.toolkit=sun.awt.windows.WToolkit, idea.version2019.1.2=true, java.vm.info=mixed mode, java.version=1.8.0_131, java.ext.dirs=D:\Java\jdk1.8.0_131\jre\lib\ext;C:\Windows\Sun\Java\lib\ext, sun.boot.class.path=D:\Java\jdk1.8.0_131\jre\lib\resources.jar;D:\Java\jdk1.8.0_131\jre\lib\rt.jar;D:\Java\jdk1.8.0_131\jre\lib\sunrsasign.jar;D:\Java\jdk1.8.0_131\jre\lib\jsse.jar;D:\Java\jdk1.8.0_131\jre\lib\jce.jar;D:\Java\jdk1.8.0_131\jre\lib\charsets.jar;D:\Java\jdk1.8.0_131\jre\lib\jfr.jar;D:\Java\jdk1.8.0_131\jre\classes, java.vendor=Oracle Corporation, localRepository=D:\dev\localmaven, file.separator=\, java.vendor.url.bug=http://bugreport.sun.com/bugreport/, sun.io.unicode.encoding=UnicodeLittle, sun.cpu.endian=little, sun.desktop=windows, sun.cpu.isalist=amd64}}, SystemEnvironmentPropertySource@1641313620 {name='systemEnvironment', properties={PATH=C:\Windows\system32;C:\Windows;C:\Windows\System32\Wbem;C:\Windows\System32\WindowsPowerShell\v1.0\;D:\TortoiseSVN\bin;D:\Git\cmd;D:\Java\jdk1.8.0_131\jre\bin, USERDOMAIN_ROAMINGPROFILE=DESKTOP-2R6V8MO, LOCALAPPDATA=C:\Users\tws\AppData\Local, PROCESSOR_LEVEL=6, SYSTEMDRIVE=C:, COMMONPROGRAMFILES(X86)=C:\Program Files (x86)\Common Files, USERDOMAIN=DESKTOP-2R6V8MO, FPS_BROWSER_APP_PROFILE_STRING=Internet Explorer, LOGONSERVER=\\DESKTOP-2R6V8MO, JAVA_HOME=D:\Java\jdk1.8.0_131, PROMPT=$P$G, SESSIONNAME=Console, ALLUSERSPROFILE=C:\ProgramData, PROGRAMFILES(X86)=C:\Program Files (x86), PROCESSOR_ARCHITECTURE=AMD64, PROGRAMFILES=C:\Program Files, APPDATA=C:\Users\tws\AppData\Roaming, PSMODULEPATH=C:\Program Files\WindowsPowerShell\Modules;C:\Windows\system32\WindowsPowerShell\v1.0\Modules, PROGRAMW6432=C:\Program Files, PROGRAMDATA=C:\ProgramData, SYSTEMROOT=C:\Windows, USERNAME=tws, FPS_BROWSER_USER_PROFILE_STRING=Default, ONEDRIVE=C:\Users\tws\OneDrive, PATHEXT=.COM;.EXE;.BAT;.CMD;.VBS;.VBE;.JS;.JSE;.WSF;.WSH;.MSC, OS=Windows_NT, COMMONPROGRAMW6432=C:\Program Files\Common Files, COMPUTERNAME=DESKTOP-2R6V8MO, COMMONPROGRAMFILES=C:\Program Files\Common Files, COMSPEC=C:\Windows\system32\cmd.exe, PROCESSOR_REVISION=3c03, WINDIR=C:\Windows, =D:=D:\myproject\smartwx-boot, HOMEPATH=\Users\tws, TEMP=C:\Users\tws\AppData\Local\Temp, HOMEDRIVE=C:, PROCESSOR_IDENTIFIER=Intel64 Family 6 Model 60 Stepping 3, GenuineIntel, USERPROFILE=C:\Users\tws, TMP=C:\Users\tws\AppData\Local\Temp, PUBLIC=C:\Users\Public, NUMBER_OF_PROCESSORS=8, =::=::\}}]
15:26:18.336 [main] DEBUG org.springframework.core.io.support.PathMatchingResourcePatternResolver - Resolved classpath location [com/hermit/smartwx/] to resources [URL [file:/D:/myproject/smartwx-boot/target/test-classes/com/hermit/smartwx/]]
15:26:18.337 [main] DEBUG org.springframework.core.io.support.PathMatchingResourcePatternResolver - Looking for matching resources in directory tree [D:\myproject\smartwx-boot\target\test-classes\com\hermit\smartwx]
15:26:18.337 [main] DEBUG org.springframework.core.io.support.PathMatchingResourcePatternResolver - Searching directory [D:\myproject\smartwx-boot\target\test-classes\com\hermit\smartwx] for files matching pattern [D:/myproject/smartwx-boot/target/test-classes/com/hermit/smartwx/*.class]
15:26:18.339 [main] DEBUG org.springframework.core.io.support.PathMatchingResourcePatternResolver - Resolved location pattern [classpath*:com/hermit/smartwx/*.class] to resources [file [D:\myproject\smartwx-boot\target\test-classes\com\hermit\smartwx\SmartwxBootApplicationTests.class]]
15:26:18.362 [main] DEBUG org.springframework.core.io.support.PathMatchingResourcePatternResolver - Resolved classpath location [com/hermit/] to resources [URL [file:/D:/myproject/smartwx-boot/target/test-classes/com/hermit/]]
15:26:18.362 [main] DEBUG org.springframework.core.io.support.PathMatchingResourcePatternResolver - Looking for matching resources in directory tree [D:\myproject\smartwx-boot\target\test-classes\com\hermit]
15:26:18.362 [main] DEBUG org.springframework.core.io.support.PathMatchingResourcePatternResolver - Searching directory [D:\myproject\smartwx-boot\target\test-classes\com\hermit] for files matching pattern [D:/myproject/smartwx-boot/target/test-classes/com/hermit/*.class]
15:26:18.363 [main] DEBUG org.springframework.core.io.support.PathMatchingResourcePatternResolver - Resolved location pattern [classpath*:com/hermit/*.class] to resources []
15:26:18.364 [main] DEBUG org.springframework.core.io.support.PathMatchingResourcePatternResolver - Resolved classpath location [com/] to resources [URL [file:/D:/myproject/smartwx-boot/target/test-classes/com/], URL [file:/D:/myproject/smartwx-boot/target/classes/com/], URL [jar:file:/D:/dev/localmaven/com/zaxxer/HikariCP/2.7.9/HikariCP-2.7.9.jar!/com/], URL [jar:file:/D:/dev/localmaven/com/fasterxml/jackson/core/jackson-databind/2.9.6/jackson-databind-2.9.6.jar!/com/], URL [jar:file:/D:/dev/localmaven/com/fasterxml/jackson/core/jackson-core/2.9.6/jackson-core-2.9.6.jar!/com/], URL [jar:file:/D:/dev/localmaven/com/fasterxml/jackson/datatype/jackson-datatype-jdk8/2.9.6/jackson-datatype-jdk8-2.9.6.jar!/com/], URL [jar:file:/D:/dev/localmaven/com/fasterxml/jackson/datatype/jackson-datatype-jsr310/2.9.6/jackson-datatype-jsr310-2.9.6.jar!/com/], URL [jar:file:/D:/dev/localmaven/com/fasterxml/jackson/module/jackson-module-parameter-names/2.9.6/jackson-module-parameter-names-2.9.6.jar!/com/], URL [jar:file:/D:/dev/localmaven/com/jayway/jsonpath/json-path/2.4.0/json-path-2.4.0.jar!/com/], URL [jar:file:/D:/dev/localmaven/mysql/mysql-connector-java/5.1.46/mysql-connector-java-5.1.46.jar!/com/], URL [jar:file:/D:/dev/localmaven/com/alibaba/druid/1.0.28/druid-1.0.28.jar!/com/], URL [jar:file:/D:/dev/localmaven/com/alibaba/fastjson/1.2.47/fastjson-1.2.47.jar!/com/], URL [jar:file:/D:/dev/localmaven/com/thoughtworks/xstream/xstream/1.4.9/xstream-1.4.9.jar!/com/], URL [jar:file:/D:/dev/localmaven/com/google/zxing/core/2.2/core-2.2.jar!/com/], URL [jar:file:/D:/dev/localmaven/com/google/zxing/javase/2.2/javase-2.2.jar!/com/], URL [jar:file:/D:/dev/localmaven/com/google/guava/guava/20.0/guava-20.0.jar!/com/], URL [jar:file:/D:/dev/localmaven/org/projectlombok/lombok/1.16.22/lombok-1.16.22.jar!/com/], URL [jar:file:/D:/dev/localmaven/com/fasterxml/jackson/core/jackson-annotations/2.9.0/jackson-annotations-2.9.0.jar!/com/], URL [jar:file:/D:/dev/localmaven/com/fasterxml/classmate/1.3.4/classmate-1.3.4.jar!/com/], URL [jar:file:/D:/dev/localmaven/com/github/xiaoymin/swagger-bootstrap-ui/1.9.1/swagger-bootstrap-ui-1.9.1.jar!/com/]]
15:26:18.364 [main] DEBUG org.springframework.core.io.support.PathMatchingResourcePatternResolver - Looking for matching resources in directory tree [D:\myproject\smartwx-boot\target\test-classes\com]
15:26:18.365 [main] DEBUG org.springframework.core.io.support.PathMatchingResourcePatternResolver - Searching directory [D:\myproject\smartwx-boot\target\test-classes\com] for files matching pattern [D:/myproject/smartwx-boot/target/test-classes/com/*.class]
15:26:18.365 [main] DEBUG org.springframework.core.io.support.PathMatchingResourcePatternResolver - Looking for matching resources in directory tree [D:\myproject\smartwx-boot\target\classes\com]
15:26:18.365 [main] DEBUG org.springframework.core.io.support.PathMatchingResourcePatternResolver - Searching directory [D:\myproject\smartwx-boot\target\classes\com] for files matching pattern [D:/myproject/smartwx-boot/target/classes/com/*.class]
15:26:18.366 [main] DEBUG org.springframework.core.io.support.PathMatchingResourcePatternResolver - Looking for matching resources in jar file [file:/D:/dev/localmaven/com/zaxxer/HikariCP/2.7.9/HikariCP-2.7.9.jar]
15:26:18.368 [main] DEBUG org.springframework.core.io.support.PathMatchingResourcePatternResolver - Looking for matching resources in jar file [file:/D:/dev/localmaven/com/fasterxml/jackson/core/jackson-databind/2.9.6/jackson-databind-2.9.6.jar]
15:26:18.376 [main] DEBUG org.springframework.core.io.support.PathMatchingResourcePatternResolver - Looking for matching resources in jar file [file:/D:/dev/localmaven/com/fasterxml/jackson/core/jackson-core/2.9.6/jackson-core-2.9.6.jar]
15:26:18.377 [main] DEBUG org.springframework.core.io.support.PathMatchingResourcePatternResolver - Looking for matching resources in jar file [file:/D:/dev/localmaven/com/fasterxml/jackson/datatype/jackson-datatype-jdk8/2.9.6/jackson-datatype-jdk8-2.9.6.jar]
15:26:18.378 [main] DEBUG org.springframework.core.io.support.PathMatchingResourcePatternResolver - Looking for matching resources in jar file [file:/D:/dev/localmaven/com/fasterxml/jackson/datatype/jackson-datatype-jsr310/2.9.6/jackson-datatype-jsr310-2.9.6.jar]
15:26:18.378 [main] DEBUG org.springframework.core.io.support.PathMatchingResourcePatternResolver - Looking for matching resources in jar file [file:/D:/dev/localmaven/com/fasterxml/jackson/module/jackson-module-parameter-names/2.9.6/jackson-module-parameter-names-2.9.6.jar]
15:26:18.379 [main] DEBUG org.springframework.core.io.support.PathMatchingResourcePatternResolver - Looking for matching resources in jar file [file:/D:/dev/localmaven/com/jayway/jsonpath/json-path/2.4.0/json-path-2.4.0.jar]
15:26:18.380 [main] DEBUG org.springframework.core.io.support.PathMatchingResourcePatternResolver - Looking for matching resources in jar file [file:/D:/dev/localmaven/mysql/mysql-connector-java/5.1.46/mysql-connector-java-5.1.46.jar]
15:26:18.381 [main] DEBUG org.springframework.core.io.support.PathMatchingResourcePatternResolver - Looking for matching resources in jar file [file:/D:/dev/localmaven/com/alibaba/druid/1.0.28/druid-1.0.28.jar]
15:26:18.384 [main] DEBUG org.springframework.core.io.support.PathMatchingResourcePatternResolver - Looking for matching resources in jar file [file:/D:/dev/localmaven/com/alibaba/fastjson/1.2.47/fastjson-1.2.47.jar]
15:26:18.386 [main] DEBUG org.springframework.core.io.support.PathMatchingResourcePatternResolver - Looking for matching resources in jar file [file:/D:/dev/localmaven/com/thoughtworks/xstream/xstream/1.4.9/xstream-1.4.9.jar]
15:26:18.388 [main] DEBUG org.springframework.core.io.support.PathMatchingResourcePatternResolver - Looking for matching resources in jar file [file:/D:/dev/localmaven/com/google/zxing/core/2.2/core-2.2.jar]
15:26:18.389 [main] DEBUG org.springframework.core.io.support.PathMatchingResourcePatternResolver - Looking for matching resources in jar file [file:/D:/dev/localmaven/com/google/zxing/javase/2.2/javase-2.2.jar]
15:26:18.389 [main] DEBUG org.springframework.core.io.support.PathMatchingResourcePatternResolver - Looking for matching resources in jar file [file:/D:/dev/localmaven/com/google/guava/guava/20.0/guava-20.0.jar]
15:26:18.395 [main] DEBUG org.springframework.core.io.support.PathMatchingResourcePatternResolver - Looking for matching resources in jar file [file:/D:/dev/localmaven/org/projectlombok/lombok/1.16.22/lombok-1.16.22.jar]
15:26:18.397 [main] DEBUG org.springframework.core.io.support.PathMatchingResourcePatternResolver - Looking for matching resources in jar file [file:/D:/dev/localmaven/com/fasterxml/jackson/core/jackson-annotations/2.9.0/jackson-annotations-2.9.0.jar]
15:26:18.397 [main] DEBUG org.springframework.core.io.support.PathMatchingResourcePatternResolver - Looking for matching resources in jar file [file:/D:/dev/localmaven/com/fasterxml/classmate/1.3.4/classmate-1.3.4.jar]
15:26:18.398 [main] DEBUG org.springframework.core.io.support.PathMatchingResourcePatternResolver - Looking for matching resources in jar file [file:/D:/dev/localmaven/com/github/xiaoymin/swagger-bootstrap-ui/1.9.1/swagger-bootstrap-ui-1.9.1.jar]
15:26:18.398 [main] DEBUG org.springframework.core.io.support.PathMatchingResourcePatternResolver - Resolved location pattern [classpath*:com/*.class] to resources []
]]></system-out>
  </testcase>
</testsuite>